[2023-04-09 04:20:58] local.ERROR: SQLSTATE[HY000] [1045] Access denied for user 'fatiyaquzza'@'localhost' (using password: YES) (Connection: mysql, SQL: SHOW FULL TABLES WHERE table_type = 'BASE TABLE') {"exception":"[object] (Illuminate\\Database\\QueryException(code: 1045): SQLSTATE[HY000] [1045] Access denied for user 'fatiyaquzza'@'localhost' (using password: YES) (Connection: mysql, SQL: SHOW FULL TABLES WHERE table_type = 'BASE TABLE') at /home/fatiya/Documents/Trashporter/INF206-2023-DY1-TrashPorter/vendor/laravel/framework/src/Illuminate/Database/Connection.php:793)
[stacktrace]
#0 /home/fatiya/Documents/Trashporter/INF206-2023-DY1-TrashPorter/vendor/laravel/framework/src/Illuminate/Database/Connection.php(753): Illuminate\\Database\\Connection->runQueryCallback()
#1 /home/fatiya/Documents/Trashporter/INF206-2023-DY1-TrashPorter/vendor/laravel/framework/src/Illuminate/Database/Connection.php(422): Illuminate\\Database\\Connection->run()
#2 /home/fatiya/Documents/Trashporter/INF206-2023-DY1-TrashPorter/vendor/laravel/framework/src/Illuminate/Database/Schema/MySqlBuilder.php(125): Illuminate\\Database\\Connection->select()
#3 /home/fatiya/Documents/Trashporter/INF206-2023-DY1-TrashPorter/vendor/laravel/framework/src/Illuminate/Database/Schema/MySqlBuilder.php(74): Illuminate\\Database\\Schema\\MySqlBuilder->getAllTables()
#4 /home/fatiya/Documents/Trashporter/INF206-2023-DY1-TrashPorter/vendor/laravel/framework/src/Illuminate/Database/Console/WipeCommand.php(71): Illuminate\\Database\\Schema\\MySqlBuilder->dropAllTables()
#5 /home/fatiya/Documents/Trashporter/INF206-2023-DY1-TrashPorter/vendor/laravel/framework/src/Illuminate/Database/Console/WipeCommand.php(48): Illuminate\\Database\\Console\\WipeCommand->dropAllTables()
#6 /home/fatiya/Documents/Trashporter/INF206-2023-DY1-TrashPorter/vendor/laravel/framework/src/Illuminate/Container/BoundMethod.php(36): Illuminate\\Database\\Console\\WipeCommand->handle()
#7 /home/fatiya/Documents/Trashporter/INF206-2023-DY1-TrashPorter/vendor/laravel/framework/src/Illuminate/Container/Util.php(41): Illuminate\\Container\\BoundMethod::Illuminate\\Container\\{closure}()
#8 /home/fatiya/Documents/Trashporter/INF206-2023-DY1-TrashPorter/vendor/laravel/framework/src/Illuminate/Container/BoundMethod.php(93): Illuminate\\Container\\Util::unwrapIfClosure()
#9 /home/fatiya/Documents/Trashporter/INF206-2023-DY1-TrashPorter/vendor/laravel/framework/src/Illuminate/Container/BoundMethod.php(37): Illuminate\\Container\\BoundMethod::callBoundMethod()
#10 /home/fatiya/Documents/Trashporter/INF206-2023-DY1-TrashPorter/vendor/laravel/framework/src/Illuminate/Container/Container.php(662): Illuminate\\Container\\BoundMethod::call()
#11 /home/fatiya/Documents/Trashporter/INF206-2023-DY1-TrashPorter/vendor/laravel/framework/src/Illuminate/Console/Command.php(194): Illuminate\\Container\\Container->call()
#12 /home/fatiya/Documents/Trashporter/INF206-2023-DY1-TrashPorter/vendor/symfony/console/Command/Command.php(312): Illuminate\\Console\\Command->execute()
#13 /home/fatiya/Documents/Trashporter/INF206-2023-DY1-TrashPorter/vendor/laravel/framework/src/Illuminate/Console/Command.php(164): Symfony\\Component\\Console\\Command\\Command->run()
#14 /home/fatiya/Documents/Trashporter/INF206-2023-DY1-TrashPorter/vendor/laravel/framework/src/Illuminate/Console/Concerns/CallsCommands.php(68): Illuminate\\Console\\Command->run()
#15 /home/fatiya/Documents/Trashporter/INF206-2023-DY1-TrashPorter/vendor/laravel/framework/src/Illuminate/Console/Concerns/CallsCommands.php(40): Illuminate\\Console\\Command->runCommand()
#16 /home/fatiya/Documents/Trashporter/INF206-2023-DY1-TrashPorter/vendor/laravel/framework/src/Illuminate/Database/Console/Migrations/FreshCommand.php(45): Illuminate\\Console\\Command->callSilent()
#17 /home/fatiya/Documents/Trashporter/INF206-2023-DY1-TrashPorter/vendor/laravel/framework/src/Illuminate/Console/View/Components/Task.php(37): Illuminate\\Database\\Console\\Migrations\\FreshCommand->Illuminate\\Database\\Console\\Migrations\\{closure}()
#18 /home/fatiya/Documents/Trashporter/INF206-2023-DY1-TrashPorter/vendor/laravel/framework/src/Illuminate/Console/View/Components/Factory.php(58): Illuminate\\Console\\View\\Components\\Task->render()
#19 /home/fatiya/Documents/Trashporter/INF206-2023-DY1-TrashPorter/vendor/laravel/framework/src/Illuminate/Database/Console/Migrations/FreshCommand.php(49): Illuminate\\Console\\View\\Components\\Factory->__call()
#20 /home/fatiya/Documents/Trashporter/INF206-2023-DY1-TrashPorter/vendor/laravel/framework/src/Illuminate/Container/BoundMethod.php(36): Illuminate\\Database\\Console\\Migrations\\FreshCommand->handle()
#21 /home/fatiya/Documents/Trashporter/INF206-2023-DY1-TrashPorter/vendor/laravel/framework/src/Illuminate/Container/Util.php(41): Illuminate\\Container\\BoundMethod::Illuminate\\Container\\{closure}()
#22 /home/fatiya/Documents/Trashporter/INF206-2023-DY1-TrashPorter/vendor/laravel/framework/src/Illuminate/Container/BoundMethod.php(93): Illuminate\\Container\\Util::unwrapIfClosure()
#23 /home/fatiya/Documents/Trashporter/INF206-2023-DY1-TrashPorter/vendor/laravel/framework/src/Illuminate/Container/BoundMethod.php(37): Illuminate\\Container\\BoundMethod::callBoundMethod()
#24 /home/fatiya/Documents/Trashporter/INF206-2023-DY1-TrashPorter/vendor/laravel/framework/src/Illuminate/Container/Container.php(662): Illuminate\\Container\\BoundMethod::call()
#25 /home/fatiya/Documents/Trashporter/INF206-2023-DY1-TrashPorter/vendor/laravel/framework/src/Illuminate/Console/Command.php(194): Illuminate\\Container\\Container->call()
#26 /home/fatiya/Documents/Trashporter/INF206-2023-DY1-TrashPorter/vendor/symfony/console/Command/Command.php(312): Illuminate\\Console\\Command->execute()
#27 /home/fatiya/Documents/Trashporter/INF206-2023-DY1-TrashPorter/vendor/laravel/framework/src/Illuminate/Console/Command.php(164): Symfony\\Component\\Console\\Command\\Command->run()
#28 /home/fatiya/Documents/Trashporter/INF206-2023-DY1-TrashPorter/vendor/symfony/console/Application.php(1040): Illuminate\\Console\\Command->run()
#29 /home/fatiya/Documents/Trashporter/INF206-2023-DY1-TrashPorter/vendor/symfony/console/Application.php(314): Symfony\\Component\\Console\\Application->doRunCommand()
#30 /home/fatiya/Documents/Trashporter/INF206-2023-DY1-TrashPorter/vendor/symfony/console/Application.php(168): Symfony\\Component\\Console\\Application->doRun()
#31 /home/fatiya/Documents/Trashporter/INF206-2023-DY1-TrashPorter/vendor/laravel/framework/src/Illuminate/Foundation/Console/Kernel.php(200): Symfony\\Component\\Console\\Application->run()
#32 /home/fatiya/Documents/Trashporter/INF206-2023-DY1-TrashPorter/artisan(37): Illuminate\\Foundation\\Console\\Kernel->handle()
#33 {main}

[previous exception] [object] (PDOException(code: 1045): SQLSTATE[HY000] [1045] Access denied for user 'fatiyaquzza'@'localhost' (using password: YES) at /home/fatiya/Documents/Trashporter/INF206-2023-DY1-TrashPorter/vendor/laravel/framework/src/Illuminate/Database/Connectors/Connector.php:65)
[stacktrace]
#0 /home/fatiya/Documents/Trashporter/INF206-2023-DY1-TrashPorter/vendor/laravel/framework/src/Illuminate/Database/Connectors/Connector.php(65): PDO->__construct()
#1 /home/fatiya/Documents/Trashporter/INF206-2023-DY1-TrashPorter/vendor/laravel/framework/src/Illuminate/Database/Connectors/Connector.php(45): Illuminate\\Database\\Connectors\\Connector->createPdoConnection()
#2 /home/fatiya/Documents/Trashporter/INF206-2023-DY1-TrashPorter/vendor/laravel/framework/src/Illuminate/Database/Connectors/MySqlConnector.php(24): Illuminate\\Database\\Connectors\\Connector->createConnection()
#3 /home/fatiya/Documents/Trashporter/INF206-2023-DY1-TrashPorter/vendor/laravel/framework/src/Illuminate/Database/Connectors/ConnectionFactory.php(184): Illuminate\\Database\\Connectors\\MySqlConnector->connect()
#4 [internal function]: Illuminate\\Database\\Connectors\\ConnectionFactory->Illuminate\\Database\\Connectors\\{closure}()
#5 /home/fatiya/Documents/Trashporter/INF206-2023-DY1-TrashPorter/vendor/laravel/framework/src/Illuminate/Database/Connection.php(1210): call_user_func()
#6 /home/fatiya/Documents/Trashporter/INF206-2023-DY1-TrashPorter/vendor/laravel/framework/src/Illuminate/Database/Connection.php(1246): Illuminate\\Database\\Connection->getPdo()
#7 /home/fatiya/Documents/Trashporter/INF206-2023-DY1-TrashPorter/vendor/laravel/framework/src/Illuminate/Database/Connection.php(519): Illuminate\\Database\\Connection->getReadPdo()
#8 /home/fatiya/Documents/Trashporter/INF206-2023-DY1-TrashPorter/vendor/laravel/framework/src/Illuminate/Database/Connection.php(414): Illuminate\\Database\\Connection->getPdoForSelect()
#9 /home/fatiya/Documents/Trashporter/INF206-2023-DY1-TrashPorter/vendor/laravel/framework/src/Illuminate/Database/Connection.php(786): Illuminate\\Database\\Connection->Illuminate\\Database\\{closure}()
#10 /home/fatiya/Documents/Trashporter/INF206-2023-DY1-TrashPorter/vendor/laravel/framework/src/Illuminate/Database/Connection.php(753): Illuminate\\Database\\Connection->runQueryCallback()
#11 /home/fatiya/Documents/Trashporter/INF206-2023-DY1-TrashPorter/vendor/laravel/framework/src/Illuminate/Database/Connection.php(422): Illuminate\\Database\\Connection->run()
#12 /home/fatiya/Documents/Trashporter/INF206-2023-DY1-TrashPorter/vendor/laravel/framework/src/Illuminate/Database/Schema/MySqlBuilder.php(125): Illuminate\\Database\\Connection->select()
#13 /home/fatiya/Documents/Trashporter/INF206-2023-DY1-TrashPorter/vendor/laravel/framework/src/Illuminate/Database/Schema/MySqlBuilder.php(74): Illuminate\\Database\\Schema\\MySqlBuilder->getAllTables()
#14 /home/fatiya/Documents/Trashporter/INF206-2023-DY1-TrashPorter/vendor/laravel/framework/src/Illuminate/Database/Console/WipeCommand.php(71): Illuminate\\Database\\Schema\\MySqlBuilder->dropAllTables()
#15 /home/fatiya/Documents/Trashporter/INF206-2023-DY1-TrashPorter/vendor/laravel/framework/src/Illuminate/Database/Console/WipeCommand.php(48): Illuminate\\Database\\Console\\WipeCommand->dropAllTables()
#16 /home/fatiya/Documents/Trashporter/INF206-2023-DY1-TrashPorter/vendor/laravel/framework/src/Illuminate/Container/BoundMethod.php(36): Illuminate\\Database\\Console\\WipeCommand->handle()
#17 /home/fatiya/Documents/Trashporter/INF206-2023-DY1-TrashPorter/vendor/laravel/framework/src/Illuminate/Container/Util.php(41): Illuminate\\Container\\BoundMethod::Illuminate\\Container\\{closure}()
#18 /home/fatiya/Documents/Trashporter/INF206-2023-DY1-TrashPorter/vendor/laravel/framework/src/Illuminate/Container/BoundMethod.php(93): Illuminate\\Container\\Util::unwrapIfClosure()
#19 /home/fatiya/Documents/Trashporter/INF206-2023-DY1-TrashPorter/vendor/laravel/framework/src/Illuminate/Container/BoundMethod.php(37): Illuminate\\Container\\BoundMethod::callBoundMethod()
#20 /home/fatiya/Documents/Trashporter/INF206-2023-DY1-TrashPorter/vendor/laravel/framework/src/Illuminate/Container/Container.php(662): Illuminate\\Container\\BoundMethod::call()
#21 /home/fatiya/Documents/Trashporter/INF206-2023-DY1-TrashPorter/vendor/laravel/framework/src/Illuminate/Console/Command.php(194): Illuminate\\Container\\Container->call()
#22 /home/fatiya/Documents/Trashporter/INF206-2023-DY1-TrashPorter/vendor/symfony/console/Command/Command.php(312): Illuminate\\Console\\Command->execute()
#23 /home/fatiya/Documents/Trashporter/INF206-2023-DY1-TrashPorter/vendor/laravel/framework/src/Illuminate/Console/Command.php(164): Symfony\\Component\\Console\\Command\\Command->run()
#24 /home/fatiya/Documents/Trashporter/INF206-2023-DY1-TrashPorter/vendor/laravel/framework/src/Illuminate/Console/Concerns/CallsCommands.php(68): Illuminate\\Console\\Command->run()
#25 /home/fatiya/Documents/Trashporter/INF206-2023-DY1-TrashPorter/vendor/laravel/framework/src/Illuminate/Console/Concerns/CallsCommands.php(40): Illuminate\\Console\\Command->runCommand()
#26 /home/fatiya/Documents/Trashporter/INF206-2023-DY1-TrashPorter/vendor/laravel/framework/src/Illuminate/Database/Console/Migrations/FreshCommand.php(45): Illuminate\\Console\\Command->callSilent()
#27 /home/fatiya/Documents/Trashporter/INF206-2023-DY1-TrashPorter/vendor/laravel/framework/src/Illuminate/Console/View/Components/Task.php(37): Illuminate\\Database\\Console\\Migrations\\FreshCommand->Illuminate\\Database\\Console\\Migrations\\{closure}()
#28 /home/fatiya/Documents/Trashporter/INF206-2023-DY1-TrashPorter/vendor/laravel/framework/src/Illuminate/Console/View/Components/Factory.php(58): Illuminate\\Console\\View\\Components\\Task->render()
#29 /home/fatiya/Documents/Trashporter/INF206-2023-DY1-TrashPorter/vendor/laravel/framework/src/Illuminate/Database/Console/Migrations/FreshCommand.php(49): Illuminate\\Console\\View\\Components\\Factory->__call()
#30 /home/fatiya/Documents/Trashporter/INF206-2023-DY1-TrashPorter/vendor/laravel/framework/src/Illuminate/Container/BoundMethod.php(36): Illuminate\\Database\\Console\\Migrations\\FreshCommand->handle()
#31 /home/fatiya/Documents/Trashporter/INF206-2023-DY1-TrashPorter/vendor/laravel/framework/src/Illuminate/Container/Util.php(41): Illuminate\\Container\\BoundMethod::Illuminate\\Container\\{closure}()
#32 /home/fatiya/Documents/Trashporter/INF206-2023-DY1-TrashPorter/vendor/laravel/framework/src/Illuminate/Container/BoundMethod.php(93): Illuminate\\Container\\Util::unwrapIfClosure()
#33 /home/fatiya/Documents/Trashporter/INF206-2023-DY1-TrashPorter/vendor/laravel/framework/src/Illuminate/Container/BoundMethod.php(37): Illuminate\\Container\\BoundMethod::callBoundMethod()
#34 /home/fatiya/Documents/Trashporter/INF206-2023-DY1-TrashPorter/vendor/laravel/framework/src/Illuminate/Container/Container.php(662): Illuminate\\Container\\BoundMethod::call()
#35 /home/fatiya/Documents/Trashporter/INF206-2023-DY1-TrashPorter/vendor/laravel/framework/src/Illuminate/Console/Command.php(194): Illuminate\\Container\\Container->call()
#36 /home/fatiya/Documents/Trashporter/INF206-2023-DY1-TrashPorter/vendor/symfony/console/Command/Command.php(312): Illuminate\\Console\\Command->execute()
#37 /home/fatiya/Documents/Trashporter/INF206-2023-DY1-TrashPorter/vendor/laravel/framework/src/Illuminate/Console/Command.php(164): Symfony\\Component\\Console\\Command\\Command->run()
#38 /home/fatiya/Documents/Trashporter/INF206-2023-DY1-TrashPorter/vendor/symfony/console/Application.php(1040): Illuminate\\Console\\Command->run()
#39 /home/fatiya/Documents/Trashporter/INF206-2023-DY1-TrashPorter/vendor/symfony/console/Application.php(314): Symfony\\Component\\Console\\Application->doRunCommand()
#40 /home/fatiya/Documents/Trashporter/INF206-2023-DY1-TrashPorter/vendor/symfony/console/Application.php(168): Symfony\\Component\\Console\\Application->doRun()
#41 /home/fatiya/Documents/Trashporter/INF206-2023-DY1-TrashPorter/vendor/laravel/framework/src/Illuminate/Foundation/Console/Kernel.php(200): Symfony\\Component\\Console\\Application->run()
#42 /home/fatiya/Documents/Trashporter/INF206-2023-DY1-TrashPorter/artisan(37): Illuminate\\Foundation\\Console\\Kernel->handle()
#43 {main}
"} 
[2023-04-09 04:23:07] local.ERROR: SQLSTATE[HY000] [1045] Access denied for user 'fatiyaquzza'@'localhost' (using password: YES) (Connection: mysql, SQL: SHOW FULL TABLES WHERE table_type = 'BASE TABLE') {"exception":"[object] (Illuminate\\Database\\QueryException(code: 1045): SQLSTATE[HY000] [1045] Access denied for user 'fatiyaquzza'@'localhost' (using password: YES) (Connection: mysql, SQL: SHOW FULL TABLES WHERE table_type = 'BASE TABLE') at /home/fatiya/Documents/Trashporter/INF206-2023-DY1-TrashPorter/vendor/laravel/framework/src/Illuminate/Database/Connection.php:793)
[stacktrace]
#0 /home/fatiya/Documents/Trashporter/INF206-2023-DY1-TrashPorter/vendor/laravel/framework/src/Illuminate/Database/Connection.php(753): Illuminate\\Database\\Connection->runQueryCallback()
#1 /home/fatiya/Documents/Trashporter/INF206-2023-DY1-TrashPorter/vendor/laravel/framework/src/Illuminate/Database/Connection.php(422): Illuminate\\Database\\Connection->run()
#2 /home/fatiya/Documents/Trashporter/INF206-2023-DY1-TrashPorter/vendor/laravel/framework/src/Illuminate/Database/Schema/MySqlBuilder.php(125): Illuminate\\Database\\Connection->select()
#3 /home/fatiya/Documents/Trashporter/INF206-2023-DY1-TrashPorter/vendor/laravel/framework/src/Illuminate/Database/Schema/MySqlBuilder.php(74): Illuminate\\Database\\Schema\\MySqlBuilder->getAllTables()
#4 /home/fatiya/Documents/Trashporter/INF206-2023-DY1-TrashPorter/vendor/laravel/framework/src/Illuminate/Database/Console/WipeCommand.php(71): Illuminate\\Database\\Schema\\MySqlBuilder->dropAllTables()
#5 /home/fatiya/Documents/Trashporter/INF206-2023-DY1-TrashPorter/vendor/laravel/framework/src/Illuminate/Database/Console/WipeCommand.php(48): Illuminate\\Database\\Console\\WipeCommand->dropAllTables()
#6 /home/fatiya/Documents/Trashporter/INF206-2023-DY1-TrashPorter/vendor/laravel/framework/src/Illuminate/Container/BoundMethod.php(36): Illuminate\\Database\\Console\\WipeCommand->handle()
#7 /home/fatiya/Documents/Trashporter/INF206-2023-DY1-TrashPorter/vendor/laravel/framework/src/Illuminate/Container/Util.php(41): Illuminate\\Container\\BoundMethod::Illuminate\\Container\\{closure}()
#8 /home/fatiya/Documents/Trashporter/INF206-2023-DY1-TrashPorter/vendor/laravel/framework/src/Illuminate/Container/BoundMethod.php(93): Illuminate\\Container\\Util::unwrapIfClosure()
#9 /home/fatiya/Documents/Trashporter/INF206-2023-DY1-TrashPorter/vendor/laravel/framework/src/Illuminate/Container/BoundMethod.php(37): Illuminate\\Container\\BoundMethod::callBoundMethod()
#10 /home/fatiya/Documents/Trashporter/INF206-2023-DY1-TrashPorter/vendor/laravel/framework/src/Illuminate/Container/Container.php(662): Illuminate\\Container\\BoundMethod::call()
#11 /home/fatiya/Documents/Trashporter/INF206-2023-DY1-TrashPorter/vendor/laravel/framework/src/Illuminate/Console/Command.php(194): Illuminate\\Container\\Container->call()
#12 /home/fatiya/Documents/Trashporter/INF206-2023-DY1-TrashPorter/vendor/symfony/console/Command/Command.php(312): Illuminate\\Console\\Command->execute()
#13 /home/fatiya/Documents/Trashporter/INF206-2023-DY1-TrashPorter/vendor/laravel/framework/src/Illuminate/Console/Command.php(164): Symfony\\Component\\Console\\Command\\Command->run()
#14 /home/fatiya/Documents/Trashporter/INF206-2023-DY1-TrashPorter/vendor/laravel/framework/src/Illuminate/Console/Concerns/CallsCommands.php(68): Illuminate\\Console\\Command->run()
#15 /home/fatiya/Documents/Trashporter/INF206-2023-DY1-TrashPorter/vendor/laravel/framework/src/Illuminate/Console/Concerns/CallsCommands.php(40): Illuminate\\Console\\Command->runCommand()
#16 /home/fatiya/Documents/Trashporter/INF206-2023-DY1-TrashPorter/vendor/laravel/framework/src/Illuminate/Database/Console/Migrations/FreshCommand.php(45): Illuminate\\Console\\Command->callSilent()
#17 /home/fatiya/Documents/Trashporter/INF206-2023-DY1-TrashPorter/vendor/laravel/framework/src/Illuminate/Console/View/Components/Task.php(37): Illuminate\\Database\\Console\\Migrations\\FreshCommand->Illuminate\\Database\\Console\\Migrations\\{closure}()
#18 /home/fatiya/Documents/Trashporter/INF206-2023-DY1-TrashPorter/vendor/laravel/framework/src/Illuminate/Console/View/Components/Factory.php(58): Illuminate\\Console\\View\\Components\\Task->render()
#19 /home/fatiya/Documents/Trashporter/INF206-2023-DY1-TrashPorter/vendor/laravel/framework/src/Illuminate/Database/Console/Migrations/FreshCommand.php(49): Illuminate\\Console\\View\\Components\\Factory->__call()
#20 /home/fatiya/Documents/Trashporter/INF206-2023-DY1-TrashPorter/vendor/laravel/framework/src/Illuminate/Container/BoundMethod.php(36): Illuminate\\Database\\Console\\Migrations\\FreshCommand->handle()
#21 /home/fatiya/Documents/Trashporter/INF206-2023-DY1-TrashPorter/vendor/laravel/framework/src/Illuminate/Container/Util.php(41): Illuminate\\Container\\BoundMethod::Illuminate\\Container\\{closure}()
#22 /home/fatiya/Documents/Trashporter/INF206-2023-DY1-TrashPorter/vendor/laravel/framework/src/Illuminate/Container/BoundMethod.php(93): Illuminate\\Container\\Util::unwrapIfClosure()
#23 /home/fatiya/Documents/Trashporter/INF206-2023-DY1-TrashPorter/vendor/laravel/framework/src/Illuminate/Container/BoundMethod.php(37): Illuminate\\Container\\BoundMethod::callBoundMethod()
#24 /home/fatiya/Documents/Trashporter/INF206-2023-DY1-TrashPorter/vendor/laravel/framework/src/Illuminate/Container/Container.php(662): Illuminate\\Container\\BoundMethod::call()
#25 /home/fatiya/Documents/Trashporter/INF206-2023-DY1-TrashPorter/vendor/laravel/framework/src/Illuminate/Console/Command.php(194): Illuminate\\Container\\Container->call()
#26 /home/fatiya/Documents/Trashporter/INF206-2023-DY1-TrashPorter/vendor/symfony/console/Command/Command.php(312): Illuminate\\Console\\Command->execute()
#27 /home/fatiya/Documents/Trashporter/INF206-2023-DY1-TrashPorter/vendor/laravel/framework/src/Illuminate/Console/Command.php(164): Symfony\\Component\\Console\\Command\\Command->run()
#28 /home/fatiya/Documents/Trashporter/INF206-2023-DY1-TrashPorter/vendor/symfony/console/Application.php(1040): Illuminate\\Console\\Command->run()
#29 /home/fatiya/Documents/Trashporter/INF206-2023-DY1-TrashPorter/vendor/symfony/console/Application.php(314): Symfony\\Component\\Console\\Application->doRunCommand()
#30 /home/fatiya/Documents/Trashporter/INF206-2023-DY1-TrashPorter/vendor/symfony/console/Application.php(168): Symfony\\Component\\Console\\Application->doRun()
#31 /home/fatiya/Documents/Trashporter/INF206-2023-DY1-TrashPorter/vendor/laravel/framework/src/Illuminate/Foundation/Console/Kernel.php(200): Symfony\\Component\\Console\\Application->run()
#32 /home/fatiya/Documents/Trashporter/INF206-2023-DY1-TrashPorter/artisan(37): Illuminate\\Foundation\\Console\\Kernel->handle()
#33 {main}

[previous exception] [object] (PDOException(code: 1045): SQLSTATE[HY000] [1045] Access denied for user 'fatiyaquzza'@'localhost' (using password: YES) at /home/fatiya/Documents/Trashporter/INF206-2023-DY1-TrashPorter/vendor/laravel/framework/src/Illuminate/Database/Connectors/Connector.php:65)
[stacktrace]
#0 /home/fatiya/Documents/Trashporter/INF206-2023-DY1-TrashPorter/vendor/laravel/framework/src/Illuminate/Database/Connectors/Connector.php(65): PDO->__construct()
#1 /home/fatiya/Documents/Trashporter/INF206-2023-DY1-TrashPorter/vendor/laravel/framework/src/Illuminate/Database/Connectors/Connector.php(45): Illuminate\\Database\\Connectors\\Connector->createPdoConnection()
#2 /home/fatiya/Documents/Trashporter/INF206-2023-DY1-TrashPorter/vendor/laravel/framework/src/Illuminate/Database/Connectors/MySqlConnector.php(24): Illuminate\\Database\\Connectors\\Connector->createConnection()
#3 /home/fatiya/Documents/Trashporter/INF206-2023-DY1-TrashPorter/vendor/laravel/framework/src/Illuminate/Database/Connectors/ConnectionFactory.php(184): Illuminate\\Database\\Connectors\\MySqlConnector->connect()
#4 [internal function]: Illuminate\\Database\\Connectors\\ConnectionFactory->Illuminate\\Database\\Connectors\\{closure}()
#5 /home/fatiya/Documents/Trashporter/INF206-2023-DY1-TrashPorter/vendor/laravel/framework/src/Illuminate/Database/Connection.php(1210): call_user_func()
#6 /home/fatiya/Documents/Trashporter/INF206-2023-DY1-TrashPorter/vendor/laravel/framework/src/Illuminate/Database/Connection.php(1246): Illuminate\\Database\\Connection->getPdo()
#7 /home/fatiya/Documents/Trashporter/INF206-2023-DY1-TrashPorter/vendor/laravel/framework/src/Illuminate/Database/Connection.php(519): Illuminate\\Database\\Connection->getReadPdo()
#8 /home/fatiya/Documents/Trashporter/INF206-2023-DY1-TrashPorter/vendor/laravel/framework/src/Illuminate/Database/Connection.php(414): Illuminate\\Database\\Connection->getPdoForSelect()
#9 /home/fatiya/Documents/Trashporter/INF206-2023-DY1-TrashPorter/vendor/laravel/framework/src/Illuminate/Database/Connection.php(786): Illuminate\\Database\\Connection->Illuminate\\Database\\{closure}()
#10 /home/fatiya/Documents/Trashporter/INF206-2023-DY1-TrashPorter/vendor/laravel/framework/src/Illuminate/Database/Connection.php(753): Illuminate\\Database\\Connection->runQueryCallback()
#11 /home/fatiya/Documents/Trashporter/INF206-2023-DY1-TrashPorter/vendor/laravel/framework/src/Illuminate/Database/Connection.php(422): Illuminate\\Database\\Connection->run()
#12 /home/fatiya/Documents/Trashporter/INF206-2023-DY1-TrashPorter/vendor/laravel/framework/src/Illuminate/Database/Schema/MySqlBuilder.php(125): Illuminate\\Database\\Connection->select()
#13 /home/fatiya/Documents/Trashporter/INF206-2023-DY1-TrashPorter/vendor/laravel/framework/src/Illuminate/Database/Schema/MySqlBuilder.php(74): Illuminate\\Database\\Schema\\MySqlBuilder->getAllTables()
#14 /home/fatiya/Documents/Trashporter/INF206-2023-DY1-TrashPorter/vendor/laravel/framework/src/Illuminate/Database/Console/WipeCommand.php(71): Illuminate\\Database\\Schema\\MySqlBuilder->dropAllTables()
#15 /home/fatiya/Documents/Trashporter/INF206-2023-DY1-TrashPorter/vendor/laravel/framework/src/Illuminate/Database/Console/WipeCommand.php(48): Illuminate\\Database\\Console\\WipeCommand->dropAllTables()
#16 /home/fatiya/Documents/Trashporter/INF206-2023-DY1-TrashPorter/vendor/laravel/framework/src/Illuminate/Container/BoundMethod.php(36): Illuminate\\Database\\Console\\WipeCommand->handle()
#17 /home/fatiya/Documents/Trashporter/INF206-2023-DY1-TrashPorter/vendor/laravel/framework/src/Illuminate/Container/Util.php(41): Illuminate\\Container\\BoundMethod::Illuminate\\Container\\{closure}()
#18 /home/fatiya/Documents/Trashporter/INF206-2023-DY1-TrashPorter/vendor/laravel/framework/src/Illuminate/Container/BoundMethod.php(93): Illuminate\\Container\\Util::unwrapIfClosure()
#19 /home/fatiya/Documents/Trashporter/INF206-2023-DY1-TrashPorter/vendor/laravel/framework/src/Illuminate/Container/BoundMethod.php(37): Illuminate\\Container\\BoundMethod::callBoundMethod()
#20 /home/fatiya/Documents/Trashporter/INF206-2023-DY1-TrashPorter/vendor/laravel/framework/src/Illuminate/Container/Container.php(662): Illuminate\\Container\\BoundMethod::call()
#21 /home/fatiya/Documents/Trashporter/INF206-2023-DY1-TrashPorter/vendor/laravel/framework/src/Illuminate/Console/Command.php(194): Illuminate\\Container\\Container->call()
#22 /home/fatiya/Documents/Trashporter/INF206-2023-DY1-TrashPorter/vendor/symfony/console/Command/Command.php(312): Illuminate\\Console\\Command->execute()
#23 /home/fatiya/Documents/Trashporter/INF206-2023-DY1-TrashPorter/vendor/laravel/framework/src/Illuminate/Console/Command.php(164): Symfony\\Component\\Console\\Command\\Command->run()
#24 /home/fatiya/Documents/Trashporter/INF206-2023-DY1-TrashPorter/vendor/laravel/framework/src/Illuminate/Console/Concerns/CallsCommands.php(68): Illuminate\\Console\\Command->run()
#25 /home/fatiya/Documents/Trashporter/INF206-2023-DY1-TrashPorter/vendor/laravel/framework/src/Illuminate/Console/Concerns/CallsCommands.php(40): Illuminate\\Console\\Command->runCommand()
#26 /home/fatiya/Documents/Trashporter/INF206-2023-DY1-TrashPorter/vendor/laravel/framework/src/Illuminate/Database/Console/Migrations/FreshCommand.php(45): Illuminate\\Console\\Command->callSilent()
#27 /home/fatiya/Documents/Trashporter/INF206-2023-DY1-TrashPorter/vendor/laravel/framework/src/Illuminate/Console/View/Components/Task.php(37): Illuminate\\Database\\Console\\Migrations\\FreshCommand->Illuminate\\Database\\Console\\Migrations\\{closure}()
#28 /home/fatiya/Documents/Trashporter/INF206-2023-DY1-TrashPorter/vendor/laravel/framework/src/Illuminate/Console/View/Components/Factory.php(58): Illuminate\\Console\\View\\Components\\Task->render()
#29 /home/fatiya/Documents/Trashporter/INF206-2023-DY1-TrashPorter/vendor/laravel/framework/src/Illuminate/Database/Console/Migrations/FreshCommand.php(49): Illuminate\\Console\\View\\Components\\Factory->__call()
#30 /home/fatiya/Documents/Trashporter/INF206-2023-DY1-TrashPorter/vendor/laravel/framework/src/Illuminate/Container/BoundMethod.php(36): Illuminate\\Database\\Console\\Migrations\\FreshCommand->handle()
#31 /home/fatiya/Documents/Trashporter/INF206-2023-DY1-TrashPorter/vendor/laravel/framework/src/Illuminate/Container/Util.php(41): Illuminate\\Container\\BoundMethod::Illuminate\\Container\\{closure}()
#32 /home/fatiya/Documents/Trashporter/INF206-2023-DY1-TrashPorter/vendor/laravel/framework/src/Illuminate/Container/BoundMethod.php(93): Illuminate\\Container\\Util::unwrapIfClosure()
#33 /home/fatiya/Documents/Trashporter/INF206-2023-DY1-TrashPorter/vendor/laravel/framework/src/Illuminate/Container/BoundMethod.php(37): Illuminate\\Container\\BoundMethod::callBoundMethod()
#34 /home/fatiya/Documents/Trashporter/INF206-2023-DY1-TrashPorter/vendor/laravel/framework/src/Illuminate/Container/Container.php(662): Illuminate\\Container\\BoundMethod::call()
#35 /home/fatiya/Documents/Trashporter/INF206-2023-DY1-TrashPorter/vendor/laravel/framework/src/Illuminate/Console/Command.php(194): Illuminate\\Container\\Container->call()
#36 /home/fatiya/Documents/Trashporter/INF206-2023-DY1-TrashPorter/vendor/symfony/console/Command/Command.php(312): Illuminate\\Console\\Command->execute()
#37 /home/fatiya/Documents/Trashporter/INF206-2023-DY1-TrashPorter/vendor/laravel/framework/src/Illuminate/Console/Command.php(164): Symfony\\Component\\Console\\Command\\Command->run()
#38 /home/fatiya/Documents/Trashporter/INF206-2023-DY1-TrashPorter/vendor/symfony/console/Application.php(1040): Illuminate\\Console\\Command->run()
#39 /home/fatiya/Documents/Trashporter/INF206-2023-DY1-TrashPorter/vendor/symfony/console/Application.php(314): Symfony\\Component\\Console\\Application->doRunCommand()
#40 /home/fatiya/Documents/Trashporter/INF206-2023-DY1-TrashPorter/vendor/symfony/console/Application.php(168): Symfony\\Component\\Console\\Application->doRun()
#41 /home/fatiya/Documents/Trashporter/INF206-2023-DY1-TrashPorter/vendor/laravel/framework/src/Illuminate/Foundation/Console/Kernel.php(200): Symfony\\Component\\Console\\Application->run()
#42 /home/fatiya/Documents/Trashporter/INF206-2023-DY1-TrashPorter/artisan(37): Illuminate\\Foundation\\Console\\Kernel->handle()
#43 {main}
"} 
[2023-04-09 04:24:21] local.ERROR: No application encryption key has been specified. {"exception":"[object] (Illuminate\\Encryption\\MissingAppKeyException(code: 0): No application encryption key has been specified. at /home/fatiya/Documents/Trashporter/INF206-2023-DY1-TrashPorter/vendor/laravel/framework/src/Illuminate/Encryption/EncryptionServiceProvider.php:79)
[stacktrace]
#0 /home/fatiya/Documents/Trashporter/INF206-2023-DY1-TrashPorter/vendor/laravel/framework/src/Illuminate/Support/helpers.php(306): Illuminate\\Encryption\\EncryptionServiceProvider->Illuminate\\Encryption\\{closure}()
#1 /home/fatiya/Documents/Trashporter/INF206-2023-DY1-TrashPorter/vendor/laravel/framework/src/Illuminate/Encryption/EncryptionServiceProvider.php(81): tap()
#2 /home/fatiya/Documents/Trashporter/INF206-2023-DY1-TrashPorter/vendor/laravel/framework/src/Illuminate/Encryption/EncryptionServiceProvider.php(60): Illuminate\\Encryption\\EncryptionServiceProvider->key()
#3 /home/fatiya/Documents/Trashporter/INF206-2023-DY1-TrashPorter/vendor/laravel/framework/src/Illuminate/Encryption/EncryptionServiceProvider.php(32): Illuminate\\Encryption\\EncryptionServiceProvider->parseKey()
#4 /home/fatiya/Documents/Trashporter/INF206-2023-DY1-TrashPorter/vendor/laravel/framework/src/Illuminate/Container/Container.php(910): Illuminate\\Encryption\\EncryptionServiceProvider->Illuminate\\Encryption\\{closure}()
#5 /home/fatiya/Documents/Trashporter/INF206-2023-DY1-TrashPorter/vendor/laravel/framework/src/Illuminate/Container/Container.php(795): Illuminate\\Container\\Container->build()
#6 /home/fatiya/Documents/Trashporter/INF206-2023-DY1-TrashPorter/vendor/laravel/framework/src/Illuminate/Foundation/Application.php(933): Illuminate\\Container\\Container->resolve()
#7 /home/fatiya/Documents/Trashporter/INF206-2023-DY1-TrashPorter/vendor/laravel/framework/src/Illuminate/Container/Container.php(731): Illuminate\\Foundation\\Application->resolve()
#8 /home/fatiya/Documents/Trashporter/INF206-2023-DY1-TrashPorter/vendor/laravel/framework/src/Illuminate/Foundation/Application.php(918): Illuminate\\Container\\Container->make()
#9 /home/fatiya/Documents/Trashporter/INF206-2023-DY1-TrashPorter/vendor/laravel/framework/src/Illuminate/Container/Container.php(1068): Illuminate\\Foundation\\Application->make()
#10 /home/fatiya/Documents/Trashporter/INF206-2023-DY1-TrashPorter/vendor/laravel/framework/src/Illuminate/Container/Container.php(984): Illuminate\\Container\\Container->resolveClass()
#11 /home/fatiya/Documents/Trashporter/INF206-2023-DY1-TrashPorter/vendor/laravel/framework/src/Illuminate/Container/Container.php(945): Illuminate\\Container\\Container->resolveDependencies()
#12 /home/fatiya/Documents/Trashporter/INF206-2023-DY1-TrashPorter/vendor/laravel/framework/src/Illuminate/Container/Container.php(795): Illuminate\\Container\\Container->build()
#13 /home/fatiya/Documents/Trashporter/INF206-2023-DY1-TrashPorter/vendor/laravel/framework/src/Illuminate/Foundation/Application.php(933): Illuminate\\Container\\Container->resolve()
#14 /home/fatiya/Documents/Trashporter/INF206-2023-DY1-TrashPorter/vendor/laravel/framework/src/Illuminate/Container/Container.php(731): Illuminate\\Foundation\\Application->resolve()
#15 /home/fatiya/Documents/Trashporter/INF206-2023-DY1-TrashPorter/vendor/laravel/framework/src/Illuminate/Foundation/Application.php(918): Illuminate\\Container\\Container->make()
#16 /home/fatiya/Documents/Trashporter/INF206-2023-DY1-TrashPorter/vendor/laravel/framework/src/Illuminate/Pipeline/Pipeline.php(169): Illuminate\\Foundation\\Application->make()
#17 /home/fatiya/Documents/Trashporter/INF206-2023-DY1-TrashPorter/vendor/laravel/framework/src/Illuminate/Pipeline/Pipeline.php(116): Illuminate\\Pipeline\\Pipeline->Illuminate\\Pipeline\\{closure}()
#18 /home/fatiya/Documents/Trashporter/INF206-2023-DY1-TrashPorter/vendor/laravel/framework/src/Illuminate/Routing/Router.php(799): Illuminate\\Pipeline\\Pipeline->then()
#19 /home/fatiya/Documents/Trashporter/INF206-2023-DY1-TrashPorter/vendor/laravel/framework/src/Illuminate/Routing/Router.php(776): Illuminate\\Routing\\Router->runRouteWithinStack()
#20 /home/fatiya/Documents/Trashporter/INF206-2023-DY1-TrashPorter/vendor/laravel/framework/src/Illuminate/Routing/Router.php(740): Illuminate\\Routing\\Router->runRoute()
#21 /home/fatiya/Documents/Trashporter/INF206-2023-DY1-TrashPorter/vendor/laravel/framework/src/Illuminate/Routing/Router.php(729): Illuminate\\Routing\\Router->dispatchToRoute()
#22 /home/fatiya/Documents/Trashporter/INF206-2023-DY1-TrashPorter/vendor/laravel/framework/src/Illuminate/Foundation/Http/Kernel.php(200): Illuminate\\Routing\\Router->dispatch()
#23 /home/fatiya/Documents/Trashporter/INF206-2023-DY1-TrashPorter/vendor/laravel/framework/src/Illuminate/Pipeline/Pipeline.php(141): Illuminate\\Foundation\\Http\\Kernel->Illuminate\\Foundation\\Http\\{closure}()
#24 /home/fatiya/Documents/Trashporter/INF206-2023-DY1-TrashPorter/vendor/laravel/framework/src/Illuminate/Foundation/Http/Middleware/TransformsRequest.php(21): Illuminate\\Pipeline\\Pipeline->Illuminate\\Pipeline\\{closure}()
#25 /home/fatiya/Documents/Trashporter/INF206-2023-DY1-TrashPorter/vendor/laravel/framework/src/Illuminate/Foundation/Http/Middleware/ConvertEmptyStringsToNull.php(31): Illuminate\\Foundation\\Http\\Middleware\\TransformsRequest->handle()
#26 /home/fatiya/Documents/Trashporter/INF206-2023-DY1-TrashPorter/vendor/laravel/framework/src/Illuminate/Pipeline/Pipeline.php(180): Illuminate\\Foundation\\Http\\Middleware\\ConvertEmptyStringsToNull->handle()
#27 /home/fatiya/Documents/Trashporter/INF206-2023-DY1-TrashPorter/vendor/laravel/framework/src/Illuminate/Foundation/Http/Middleware/TransformsRequest.php(21): Illuminate\\Pipeline\\Pipeline->Illuminate\\Pipeline\\{closure}()
#28 /home/fatiya/Documents/Trashporter/INF206-2023-DY1-TrashPorter/vendor/laravel/framework/src/Illuminate/Foundation/Http/Middleware/TrimStrings.php(40): Illuminate\\Foundation\\Http\\Middleware\\TransformsRequest->handle()
#29 /home/fatiya/Documents/Trashporter/INF206-2023-DY1-TrashPorter/vendor/laravel/framework/src/Illuminate/Pipeline/Pipeline.php(180): Illuminate\\Foundation\\Http\\Middleware\\TrimStrings->handle()
#30 /home/fatiya/Documents/Trashporter/INF206-2023-DY1-TrashPorter/vendor/laravel/framework/src/Illuminate/Foundation/Http/Middleware/ValidatePostSize.php(27): Illuminate\\Pipeline\\Pipeline->Illuminate\\Pipeline\\{closure}()
#31 /home/fatiya/Documents/Trashporter/INF206-2023-DY1-TrashPorter/vendor/laravel/framework/src/Illuminate/Pipeline/Pipeline.php(180): Illuminate\\Foundation\\Http\\Middleware\\ValidatePostSize->handle()
#32 /home/fatiya/Documents/Trashporter/INF206-2023-DY1-TrashPorter/vendor/laravel/framework/src/Illuminate/Foundation/Http/Middleware/PreventRequestsDuringMaintenance.php(86): Illuminate\\Pipeline\\Pipeline->Illuminate\\Pipeline\\{closure}()
#33 /home/fatiya/Documents/Trashporter/INF206-2023-DY1-TrashPorter/vendor/laravel/framework/src/Illuminate/Pipeline/Pipeline.php(180): Illuminate\\Foundation\\Http\\Middleware\\PreventRequestsDuringMaintenance->handle()
#34 /home/fatiya/Documents/Trashporter/INF206-2023-DY1-TrashPorter/vendor/laravel/framework/src/Illuminate/Http/Middleware/HandleCors.php(49): Illuminate\\Pipeline\\Pipeline->Illuminate\\Pipeline\\{closure}()
#35 /home/fatiya/Documents/Trashporter/INF206-2023-DY1-TrashPorter/vendor/laravel/framework/src/Illuminate/Pipeline/Pipeline.php(180): Illuminate\\Http\\Middleware\\HandleCors->handle()
#36 /home/fatiya/Documents/Trashporter/INF206-2023-DY1-TrashPorter/vendor/laravel/framework/src/Illuminate/Http/Middleware/TrustProxies.php(39): Illuminate\\Pipeline\\Pipeline->Illuminate\\Pipeline\\{closure}()
#37 /home/fatiya/Documents/Trashporter/INF206-2023-DY1-TrashPorter/vendor/laravel/framework/src/Illuminate/Pipeline/Pipeline.php(180): Illuminate\\Http\\Middleware\\TrustProxies->handle()
#38 /home/fatiya/Documents/Trashporter/INF206-2023-DY1-TrashPorter/vendor/laravel/framework/src/Illuminate/Pipeline/Pipeline.php(116): Illuminate\\Pipeline\\Pipeline->Illuminate\\Pipeline\\{closure}()
#39 /home/fatiya/Documents/Trashporter/INF206-2023-DY1-TrashPorter/vendor/laravel/framework/src/Illuminate/Foundation/Http/Kernel.php(175): Illuminate\\Pipeline\\Pipeline->then()
#40 /home/fatiya/Documents/Trashporter/INF206-2023-DY1-TrashPorter/vendor/laravel/framework/src/Illuminate/Foundation/Http/Kernel.php(144): Illuminate\\Foundation\\Http\\Kernel->sendRequestThroughRouter()
#41 /home/fatiya/Documents/Trashporter/INF206-2023-DY1-TrashPorter/public/index.php(52): Illuminate\\Foundation\\Http\\Kernel->handle()
#42 /home/fatiya/Documents/Trashporter/INF206-2023-DY1-TrashPorter/vendor/laravel/framework/src/Illuminate/Foundation/resources/server.php(16): require_once('...')
#43 {main}
"} 
[2023-04-09 04:24:21] local.ERROR: No application encryption key has been specified. {"exception":"[object] (Illuminate\\Encryption\\MissingAppKeyException(code: 0): No application encryption key has been specified. at /home/fatiya/Documents/Trashporter/INF206-2023-DY1-TrashPorter/vendor/laravel/framework/src/Illuminate/Encryption/EncryptionServiceProvider.php:79)
[stacktrace]
#0 /home/fatiya/Documents/Trashporter/INF206-2023-DY1-TrashPorter/vendor/laravel/framework/src/Illuminate/Support/helpers.php(306): Illuminate\\Encryption\\EncryptionServiceProvider->Illuminate\\Encryption\\{closure}()
#1 /home/fatiya/Documents/Trashporter/INF206-2023-DY1-TrashPorter/vendor/laravel/framework/src/Illuminate/Encryption/EncryptionServiceProvider.php(81): tap()
#2 /home/fatiya/Documents/Trashporter/INF206-2023-DY1-TrashPorter/vendor/laravel/framework/src/Illuminate/Encryption/EncryptionServiceProvider.php(60): Illuminate\\Encryption\\EncryptionServiceProvider->key()
#3 /home/fatiya/Documents/Trashporter/INF206-2023-DY1-TrashPorter/vendor/laravel/framework/src/Illuminate/Encryption/EncryptionServiceProvider.php(32): Illuminate\\Encryption\\EncryptionServiceProvider->parseKey()
#4 /home/fatiya/Documents/Trashporter/INF206-2023-DY1-TrashPorter/vendor/laravel/framework/src/Illuminate/Container/Container.php(910): Illuminate\\Encryption\\EncryptionServiceProvider->Illuminate\\Encryption\\{closure}()
#5 /home/fatiya/Documents/Trashporter/INF206-2023-DY1-TrashPorter/vendor/laravel/framework/src/Illuminate/Container/Container.php(795): Illuminate\\Container\\Container->build()
#6 /home/fatiya/Documents/Trashporter/INF206-2023-DY1-TrashPorter/vendor/laravel/framework/src/Illuminate/Foundation/Application.php(933): Illuminate\\Container\\Container->resolve()
#7 /home/fatiya/Documents/Trashporter/INF206-2023-DY1-TrashPorter/vendor/laravel/framework/src/Illuminate/Container/Container.php(731): Illuminate\\Foundation\\Application->resolve()
#8 /home/fatiya/Documents/Trashporter/INF206-2023-DY1-TrashPorter/vendor/laravel/framework/src/Illuminate/Foundation/Application.php(918): Illuminate\\Container\\Container->make()
#9 /home/fatiya/Documents/Trashporter/INF206-2023-DY1-TrashPorter/vendor/laravel/framework/src/Illuminate/Container/Container.php(1068): Illuminate\\Foundation\\Application->make()
#10 /home/fatiya/Documents/Trashporter/INF206-2023-DY1-TrashPorter/vendor/laravel/framework/src/Illuminate/Container/Container.php(984): Illuminate\\Container\\Container->resolveClass()
#11 /home/fatiya/Documents/Trashporter/INF206-2023-DY1-TrashPorter/vendor/laravel/framework/src/Illuminate/Container/Container.php(945): Illuminate\\Container\\Container->resolveDependencies()
#12 /home/fatiya/Documents/Trashporter/INF206-2023-DY1-TrashPorter/vendor/laravel/framework/src/Illuminate/Container/Container.php(795): Illuminate\\Container\\Container->build()
#13 /home/fatiya/Documents/Trashporter/INF206-2023-DY1-TrashPorter/vendor/laravel/framework/src/Illuminate/Foundation/Application.php(933): Illuminate\\Container\\Container->resolve()
#14 /home/fatiya/Documents/Trashporter/INF206-2023-DY1-TrashPorter/vendor/laravel/framework/src/Illuminate/Container/Container.php(731): Illuminate\\Foundation\\Application->resolve()
#15 /home/fatiya/Documents/Trashporter/INF206-2023-DY1-TrashPorter/vendor/laravel/framework/src/Illuminate/Foundation/Application.php(918): Illuminate\\Container\\Container->make()
#16 /home/fatiya/Documents/Trashporter/INF206-2023-DY1-TrashPorter/vendor/laravel/framework/src/Illuminate/Foundation/Http/Kernel.php(249): Illuminate\\Foundation\\Application->make()
#17 /home/fatiya/Documents/Trashporter/INF206-2023-DY1-TrashPorter/vendor/laravel/framework/src/Illuminate/Foundation/Http/Kernel.php(213): Illuminate\\Foundation\\Http\\Kernel->terminateMiddleware()
#18 /home/fatiya/Documents/Trashporter/INF206-2023-DY1-TrashPorter/public/index.php(55): Illuminate\\Foundation\\Http\\Kernel->terminate()
#19 /home/fatiya/Documents/Trashporter/INF206-2023-DY1-TrashPorter/vendor/laravel/framework/src/Illuminate/Foundation/resources/server.php(16): require_once('...')
#20 {main}
"} 
